{
  "stats": {
    "suites": 1,
    "tests": 5,
    "passes": 5,
    "pending": 0,
    "failures": 0,
    "start": "2021-11-08T04:00:19.427Z",
    "end": "2021-11-08T04:01:04.905Z",
    "duration": 45478,
    "testsRegistered": 5,
    "passPercent": 100,
    "pendingPercent": 0,
    "other": 0,
    "hasOther": false,
    "skipped": 0,
    "hasSkipped": false
  },
  "results": [
    {
      "uuid": "6af372a2-ea57-4387-af3b-138b7399152a",
      "title": "",
      "fullFile": "cypress/integration/register/register.spec.js",
      "file": "cypress/integration/register/register.spec.js",
      "beforeHooks": [],
      "afterHooks": [],
      "tests": [],
      "suites": [
        {
          "uuid": "cf73791b-a686-42b1-926c-c8542741dd3f",
          "title": "Actions",
          "fullFile": "",
          "file": "",
          "beforeHooks": [],
          "afterHooks": [],
          "tests": [
            {
              "title": "Verify User is able to register when adding all mandatory fields",
              "fullTitle": "Actions Verify User is able to register when adding all mandatory fields",
              "timedOut": null,
              "duration": 18880,
              "state": "passed",
              "speed": "slow",
              "pass": true,
              "fail": false,
              "pending": false,
              "context": null,
              "code": "firstname = faker.name.firstName();\nlastname = faker.name.lastName();\n_home.default.clickSignInBtn();\n_signin.default.createEmailToRegister(faker.internet.email());\n_signin.default.clickCreateAccountBtn();\n_registeraccount.default.insertCustomerFirstName(firstname);\n_registeraccount.default.insertCustomerLastName(lastname);\n_registeraccount.default.insertCustometPassword(faker.internet.password());\n_registeraccount.default.selectDayMonthYear(_helpers.default.generateRandomDay, faker.date.month(), _helpers.default.generateRandomYear);\n_registeraccount.default.insertFirstName(firstname);\n_registeraccount.default.insertLastName(lastname);\n_registeraccount.default.insertAddress1(faker.address.streetName());\n_registeraccount.default.insertCity(faker.address.city());\n_registeraccount.default.insertState(faker.address.state());\n_registeraccount.default.insertZipCode(_helpers.default.zipcode);\n_registeraccount.default.insertMobilePhone(_helpers.default.generateRandomMobileNum);\n_registeraccount.default.insertAlias(firstname);\n_registeraccount.default.clickSubmitAccount();\n_myaccount.default.verifyUserisRegistered(firstname, lastname);",
              "err": {},
              "uuid": "5aa13203-e258-46b2-90eb-ddda1e7c5ea9",
              "parentUUID": "cf73791b-a686-42b1-926c-c8542741dd3f",
              "isHook": false,
              "skipped": false
            },
            {
              "title": "Verify User is not able to register when non of mandatory fields are added",
              "fullTitle": "Actions Verify User is not able to register when non of mandatory fields are added",
              "timedOut": null,
              "duration": 9261,
              "state": "passed",
              "speed": "slow",
              "pass": true,
              "fail": false,
              "pending": false,
              "context": null,
              "code": "firstname = faker.name.firstName();\nlastname = faker.name.lastName();\n_home.default.clickSignInBtn();\n_signin.default.createEmailToRegister(faker.internet.email());\n_signin.default.clickCreateAccountBtn();\n_registeraccount.default.clickSubmitAccount();\n_registeraccount.default.verifyMsgIsDisplayed();",
              "err": {},
              "uuid": "49531f90-50ae-40be-9c81-ec8c8bee6cf8",
              "parentUUID": "cf73791b-a686-42b1-926c-c8542741dd3f",
              "isHook": false,
              "skipped": false
            },
            {
              "title": "Verify User is not able to register when an password less than 5 characters",
              "fullTitle": "Actions Verify User is not able to register when an password less than 5 characters",
              "timedOut": null,
              "duration": 4963,
              "state": "passed",
              "speed": "slow",
              "pass": true,
              "fail": false,
              "pending": false,
              "context": null,
              "code": "firstname = faker.name.firstName();\nlastname = faker.name.lastName();\n_home.default.clickSignInBtn();\n_signin.default.createEmailToRegister(faker.internet.email());\n_signin.default.clickCreateAccountBtn();",
              "err": {},
              "uuid": "96ab75de-7e28-4230-b094-f2ca932d3cd9",
              "parentUUID": "cf73791b-a686-42b1-926c-c8542741dd3f",
              "isHook": false,
              "skipped": false
            },
            {
              "title": "Verify User is not able to register when phone is invalid format",
              "fullTitle": "Actions Verify User is not able to register when phone is invalid format",
              "timedOut": null,
              "duration": 5335,
              "state": "passed",
              "speed": "slow",
              "pass": true,
              "fail": false,
              "pending": false,
              "context": null,
              "code": "firstname = faker.name.firstName();\nlastname = faker.name.lastName();\n_home.default.clickSignInBtn();\n_signin.default.createEmailToRegister(faker.internet.email());\n_signin.default.clickCreateAccountBtn();",
              "err": {},
              "uuid": "bd96f6da-f8b5-4784-a164-636cd439ea94",
              "parentUUID": "cf73791b-a686-42b1-926c-c8542741dd3f",
              "isHook": false,
              "skipped": false
            },
            {
              "title": "Verify User is not able to register when zipcode is invalid format",
              "fullTitle": "Actions Verify User is not able to register when zipcode is invalid format",
              "timedOut": null,
              "duration": 6920,
              "state": "passed",
              "speed": "slow",
              "pass": true,
              "fail": false,
              "pending": false,
              "context": null,
              "code": "firstname = faker.name.firstName();\nlastname = faker.name.lastName();\n_home.default.clickSignInBtn();\n_signin.default.createEmailToRegister(faker.internet.email());\n_signin.default.clickCreateAccountBtn();",
              "err": {},
              "uuid": "d8042d4b-d579-4ab1-9cc8-219ef63311b5",
              "parentUUID": "cf73791b-a686-42b1-926c-c8542741dd3f",
              "isHook": false,
              "skipped": false
            }
          ],
          "suites": [],
          "passes": [
            "5aa13203-e258-46b2-90eb-ddda1e7c5ea9",
            "49531f90-50ae-40be-9c81-ec8c8bee6cf8",
            "96ab75de-7e28-4230-b094-f2ca932d3cd9",
            "bd96f6da-f8b5-4784-a164-636cd439ea94",
            "d8042d4b-d579-4ab1-9cc8-219ef63311b5"
          ],
          "failures": [],
          "pending": [],
          "skipped": [],
          "duration": 45359,
          "root": false,
          "rootEmpty": false,
          "_timeout": 2000
        }
      ],
      "passes": [],
      "failures": [],
      "pending": [],
      "skipped": [],
      "duration": 0,
      "root": true,
      "rootEmpty": true,
      "_timeout": 2000
    }
  ],
  "meta": {
    "mocha": {
      "version": "7.0.1"
    },
    "mochawesome": {
      "options": {
        "quiet": false,
        "reportFilename": "mochawesome",
        "saveHtml": false,
        "saveJson": true,
        "consoleReporter": "spec",
        "useInlineDiffs": false,
        "code": true
      },
      "version": "6.2.2"
    },
    "marge": {
      "options": {
        "id": "default",
        "reportDir": "cypress/reports/mocha",
        "quite": true,
        "overwrite": false,
        "html": false,
        "json": true
      },
      "version": "5.2.0"
    }
  }
}