{
  "stats": {
    "suites": 1,
    "tests": 5,
    "passes": 5,
    "pending": 0,
    "failures": 0,
    "start": "2021-11-08T03:57:22.774Z",
    "end": "2021-11-08T03:58:04.186Z",
    "duration": 41412,
    "testsRegistered": 5,
    "passPercent": 100,
    "pendingPercent": 0,
    "other": 0,
    "hasOther": false,
    "skipped": 0,
    "hasSkipped": false
  },
  "results": [
    {
      "uuid": "68f486da-66d1-4d9a-93ef-bffd553c6c39",
      "title": "",
      "fullFile": "cypress/integration/register/register.spec.js",
      "file": "cypress/integration/register/register.spec.js",
      "beforeHooks": [],
      "afterHooks": [],
      "tests": [],
      "suites": [
        {
          "uuid": "861cb78c-b06f-461b-8aa1-e81cb7f82838",
          "title": "Actions",
          "fullFile": "",
          "file": "",
          "beforeHooks": [],
          "afterHooks": [],
          "tests": [
            {
              "title": "Verify User is able to register when adding all mandatory fields",
              "fullTitle": "Actions Verify User is able to register when adding all mandatory fields",
              "timedOut": null,
              "duration": 18422,
              "state": "passed",
              "speed": "slow",
              "pass": true,
              "fail": false,
              "pending": false,
              "context": null,
              "code": "firstname = faker.name.firstName();\nlastname = faker.name.lastName();\n_home.default.clickSignInBtn();\n_signin.default.createEmailToRegister(faker.internet.email());\n_signin.default.clickCreateAccountBtn();\n_registeraccount.default.insertCustomerFirstName(firstname);\n_registeraccount.default.insertCustomerLastName(lastname);\n_registeraccount.default.insertCustometPassword(faker.internet.password());\n_registeraccount.default.selectDayMonthYear(_helpers.default.generateRandomDay, faker.date.month(), _helpers.default.generateRandomYear);\n_registeraccount.default.insertFirstName(firstname);\n_registeraccount.default.insertLastName(lastname);\n_registeraccount.default.insertAddress1(faker.address.streetName());\n_registeraccount.default.insertCity(faker.address.city());\n_registeraccount.default.insertState(faker.address.state());\n_registeraccount.default.insertZipCode(_helpers.default.zipcode);\n_registeraccount.default.insertMobilePhone(_helpers.default.generateRandomMobileNum);\n_registeraccount.default.insertAlias(firstname);\n_registeraccount.default.clickSubmitAccount();\n_myaccount.default.verifyUserisRegistered(firstname, lastname);",
              "err": {},
              "uuid": "a06dafbd-3181-4931-b506-2eca7cb4ac40",
              "parentUUID": "861cb78c-b06f-461b-8aa1-e81cb7f82838",
              "isHook": false,
              "skipped": false
            },
            {
              "title": "Verify User is not able to register when non of mandatory fields are added",
              "fullTitle": "Actions Verify User is not able to register when non of mandatory fields are added",
              "timedOut": null,
              "duration": 7831,
              "state": "passed",
              "speed": "slow",
              "pass": true,
              "fail": false,
              "pending": false,
              "context": null,
              "code": "firstname = faker.name.firstName();\nlastname = faker.name.lastName();\n_home.default.clickSignInBtn();\n_signin.default.createEmailToRegister(faker.internet.email());\n_signin.default.clickCreateAccountBtn();\n_registeraccount.default.clickSubmitAccount();\n_registeraccount.default.verifyMsgIsDisplayed();",
              "err": {},
              "uuid": "f9505c9c-ca2d-44e4-9f91-f8573220363a",
              "parentUUID": "861cb78c-b06f-461b-8aa1-e81cb7f82838",
              "isHook": false,
              "skipped": false
            },
            {
              "title": "Verify User is not able to register when an password less than 5 characters",
              "fullTitle": "Actions Verify User is not able to register when an password less than 5 characters",
              "timedOut": null,
              "duration": 4667,
              "state": "passed",
              "speed": "slow",
              "pass": true,
              "fail": false,
              "pending": false,
              "context": null,
              "code": "firstname = faker.name.firstName();\nlastname = faker.name.lastName();\n_home.default.clickSignInBtn();\n_signin.default.createEmailToRegister(faker.internet.email());\n_signin.default.clickCreateAccountBtn();",
              "err": {},
              "uuid": "d08f04bb-ab92-4aa7-87a2-c6b52fbf3106",
              "parentUUID": "861cb78c-b06f-461b-8aa1-e81cb7f82838",
              "isHook": false,
              "skipped": false
            },
            {
              "title": "Verify User is not able to register when phone is invalid format",
              "fullTitle": "Actions Verify User is not able to register when phone is invalid format",
              "timedOut": null,
              "duration": 5630,
              "state": "passed",
              "speed": "slow",
              "pass": true,
              "fail": false,
              "pending": false,
              "context": null,
              "code": "firstname = faker.name.firstName();\nlastname = faker.name.lastName();\n_home.default.clickSignInBtn();\n_signin.default.createEmailToRegister(faker.internet.email());\n_signin.default.clickCreateAccountBtn();",
              "err": {},
              "uuid": "5e80e09c-3f21-46d1-80f8-526d68a5089c",
              "parentUUID": "861cb78c-b06f-461b-8aa1-e81cb7f82838",
              "isHook": false,
              "skipped": false
            },
            {
              "title": "Verify User is not able to register when zipcode is invalid format",
              "fullTitle": "Actions Verify User is not able to register when zipcode is invalid format",
              "timedOut": null,
              "duration": 4766,
              "state": "passed",
              "speed": "slow",
              "pass": true,
              "fail": false,
              "pending": false,
              "context": null,
              "code": "firstname = faker.name.firstName();\nlastname = faker.name.lastName();\n_home.default.clickSignInBtn();\n_signin.default.createEmailToRegister(faker.internet.email());\n_signin.default.clickCreateAccountBtn();",
              "err": {},
              "uuid": "aa590d42-6988-483c-931c-f3d80c75b47f",
              "parentUUID": "861cb78c-b06f-461b-8aa1-e81cb7f82838",
              "isHook": false,
              "skipped": false
            }
          ],
          "suites": [],
          "passes": [
            "a06dafbd-3181-4931-b506-2eca7cb4ac40",
            "f9505c9c-ca2d-44e4-9f91-f8573220363a",
            "d08f04bb-ab92-4aa7-87a2-c6b52fbf3106",
            "5e80e09c-3f21-46d1-80f8-526d68a5089c",
            "aa590d42-6988-483c-931c-f3d80c75b47f"
          ],
          "failures": [],
          "pending": [],
          "skipped": [],
          "duration": 41316,
          "root": false,
          "rootEmpty": false,
          "_timeout": 2000
        }
      ],
      "passes": [],
      "failures": [],
      "pending": [],
      "skipped": [],
      "duration": 0,
      "root": true,
      "rootEmpty": true,
      "_timeout": 2000
    }
  ],
  "meta": {
    "mocha": {
      "version": "7.0.1"
    },
    "mochawesome": {
      "options": {
        "quiet": false,
        "reportFilename": "mochawesome",
        "saveHtml": false,
        "saveJson": true,
        "consoleReporter": "spec",
        "useInlineDiffs": false,
        "code": true
      },
      "version": "6.2.2"
    },
    "marge": {
      "options": {
        "id": "default",
        "reportDir": "cypress/reports/mocha",
        "quite": true,
        "overwrite": false,
        "html": false,
        "json": true
      },
      "version": "5.2.0"
    }
  }
}