{
  "stats": {
    "suites": 1,
    "tests": 5,
    "passes": 5,
    "pending": 0,
    "failures": 0,
    "start": "2021-11-08T04:09:16.191Z",
    "end": "2021-11-08T04:09:54.829Z",
    "duration": 38638,
    "testsRegistered": 5,
    "passPercent": 100,
    "pendingPercent": 0,
    "other": 0,
    "hasOther": false,
    "skipped": 0,
    "hasSkipped": false
  },
  "results": [
    {
      "uuid": "c5235ad2-cc6d-45c8-808e-4be68c2a0dac",
      "title": "",
      "fullFile": "cypress/integration/register/register.spec.js",
      "file": "cypress/integration/register/register.spec.js",
      "beforeHooks": [],
      "afterHooks": [],
      "tests": [],
      "suites": [
        {
          "uuid": "10da6dfc-6759-4e9e-8eb6-b3e05b681b1a",
          "title": "Actions",
          "fullFile": "",
          "file": "",
          "beforeHooks": [],
          "afterHooks": [],
          "tests": [
            {
              "title": "Verify User is able to register when adding all mandatory fields",
              "fullTitle": "Actions Verify User is able to register when adding all mandatory fields",
              "timedOut": null,
              "duration": 16818,
              "state": "passed",
              "speed": "slow",
              "pass": true,
              "fail": false,
              "pending": false,
              "context": null,
              "code": "firstname = faker.name.firstName();\nlastname = faker.name.lastName();\n_home.default.clickSignInBtn();\n_signin.default.createEmailToRegister(faker.internet.email());\n_signin.default.clickCreateAccountBtn();\n_registeraccount.default.insertCustomerFirstName(firstname);\n_registeraccount.default.insertCustomerLastName(lastname);\n_registeraccount.default.insertCustometPassword(faker.internet.password());\n_registeraccount.default.selectDayMonthYear(_helpers.default.generateRandomDay, faker.date.month(), _helpers.default.generateRandomYear);\n_registeraccount.default.insertFirstName(firstname);\n_registeraccount.default.insertLastName(lastname);\n_registeraccount.default.insertAddress1(faker.address.streetName());\n_registeraccount.default.insertCity(faker.address.city());\n_registeraccount.default.insertState(faker.address.state());\n_registeraccount.default.insertZipCode(_helpers.default.zipcode);\n_registeraccount.default.insertMobilePhone(_helpers.default.generateRandomMobileNum);\n_registeraccount.default.insertAlias(firstname);\n_registeraccount.default.clickSubmitAccount();\n_myaccount.default.verifyUserisRegistered(firstname, lastname);",
              "err": {},
              "uuid": "7312be9a-b3e8-40c1-b140-0ee4ff3ad34c",
              "parentUUID": "10da6dfc-6759-4e9e-8eb6-b3e05b681b1a",
              "isHook": false,
              "skipped": false
            },
            {
              "title": "Verify User is not able to register when non of mandatory fields are added",
              "fullTitle": "Actions Verify User is not able to register when non of mandatory fields are added",
              "timedOut": null,
              "duration": 7599,
              "state": "passed",
              "speed": "slow",
              "pass": true,
              "fail": false,
              "pending": false,
              "context": null,
              "code": "firstname = faker.name.firstName();\nlastname = faker.name.lastName();\n_home.default.clickSignInBtn();\n_signin.default.createEmailToRegister(faker.internet.email());\n_signin.default.clickCreateAccountBtn();\n_registeraccount.default.clickSubmitAccount();\n_registeraccount.default.verifyMsgIsDisplayed();",
              "err": {},
              "uuid": "916ce614-4540-449c-b2f7-5003af94d665",
              "parentUUID": "10da6dfc-6759-4e9e-8eb6-b3e05b681b1a",
              "isHook": false,
              "skipped": false
            },
            {
              "title": "Verify User is not able to register when an password less than 5 characters",
              "fullTitle": "Actions Verify User is not able to register when an password less than 5 characters",
              "timedOut": null,
              "duration": 5058,
              "state": "passed",
              "speed": "slow",
              "pass": true,
              "fail": false,
              "pending": false,
              "context": null,
              "code": "firstname = faker.name.firstName();\nlastname = faker.name.lastName();\n_home.default.clickSignInBtn();\n_signin.default.createEmailToRegister(faker.internet.email());\n_signin.default.clickCreateAccountBtn();",
              "err": {},
              "uuid": "69721641-7436-4b83-aac4-ff5aba74b995",
              "parentUUID": "10da6dfc-6759-4e9e-8eb6-b3e05b681b1a",
              "isHook": false,
              "skipped": false
            },
            {
              "title": "Verify User is not able to register when phone is invalid format",
              "fullTitle": "Actions Verify User is not able to register when phone is invalid format",
              "timedOut": null,
              "duration": 4341,
              "state": "passed",
              "speed": "slow",
              "pass": true,
              "fail": false,
              "pending": false,
              "context": null,
              "code": "firstname = faker.name.firstName();\nlastname = faker.name.lastName();\n_home.default.clickSignInBtn();\n_signin.default.createEmailToRegister(faker.internet.email());\n_signin.default.clickCreateAccountBtn();",
              "err": {},
              "uuid": "b3e8d93e-c66b-4ace-9489-63a171d05577",
              "parentUUID": "10da6dfc-6759-4e9e-8eb6-b3e05b681b1a",
              "isHook": false,
              "skipped": false
            },
            {
              "title": "Verify User is not able to register when zipcode is invalid format",
              "fullTitle": "Actions Verify User is not able to register when zipcode is invalid format",
              "timedOut": null,
              "duration": 4727,
              "state": "passed",
              "speed": "slow",
              "pass": true,
              "fail": false,
              "pending": false,
              "context": null,
              "code": "firstname = faker.name.firstName();\nlastname = faker.name.lastName();\n_home.default.clickSignInBtn();\n_signin.default.createEmailToRegister(faker.internet.email());\n_signin.default.clickCreateAccountBtn();",
              "err": {},
              "uuid": "3a39a5e6-dcef-4bd5-a4dc-9c4f48dbbbdf",
              "parentUUID": "10da6dfc-6759-4e9e-8eb6-b3e05b681b1a",
              "isHook": false,
              "skipped": false
            }
          ],
          "suites": [],
          "passes": [
            "7312be9a-b3e8-40c1-b140-0ee4ff3ad34c",
            "916ce614-4540-449c-b2f7-5003af94d665",
            "69721641-7436-4b83-aac4-ff5aba74b995",
            "b3e8d93e-c66b-4ace-9489-63a171d05577",
            "3a39a5e6-dcef-4bd5-a4dc-9c4f48dbbbdf"
          ],
          "failures": [],
          "pending": [],
          "skipped": [],
          "duration": 38543,
          "root": false,
          "rootEmpty": false,
          "_timeout": 2000
        }
      ],
      "passes": [],
      "failures": [],
      "pending": [],
      "skipped": [],
      "duration": 0,
      "root": true,
      "rootEmpty": true,
      "_timeout": 2000
    }
  ],
  "meta": {
    "mocha": {
      "version": "7.0.1"
    },
    "mochawesome": {
      "options": {
        "quiet": false,
        "reportFilename": "mochawesome",
        "saveHtml": false,
        "saveJson": true,
        "consoleReporter": "spec",
        "useInlineDiffs": false,
        "code": true
      },
      "version": "6.2.2"
    },
    "marge": {
      "options": {
        "id": "default",
        "reportDir": "cypress/reports/mocha",
        "quite": true,
        "overwrite": false,
        "html": false,
        "json": true
      },
      "version": "5.2.0"
    }
  }
}