{
  "stats": {
    "suites": 1,
    "tests": 8,
    "passes": 8,
    "pending": 0,
    "failures": 0,
    "start": "2021-11-10T06:24:52.750Z",
    "end": "2021-11-10T06:26:28.028Z",
    "duration": 95278,
    "testsRegistered": 8,
    "passPercent": 100,
    "pendingPercent": 0,
    "other": 0,
    "hasOther": false,
    "skipped": 0,
    "hasSkipped": false
  },
  "results": [
    {
      "uuid": "23e5ec2a-3d98-4431-83f0-5e3d6e258a5d",
      "title": "",
      "fullFile": "cypress/integration/register/register.spec.js",
      "file": "cypress/integration/register/register.spec.js",
      "beforeHooks": [],
      "afterHooks": [],
      "tests": [],
      "suites": [
        {
          "uuid": "ea236014-7ba8-45a8-8c58-8402f4242598",
          "title": "Register Tests",
          "fullFile": "",
          "file": "",
          "beforeHooks": [],
          "afterHooks": [],
          "tests": [
            {
              "title": "Verify User is able to register when adding all mandatory fields",
              "fullTitle": "Register Tests Verify User is able to register when adding all mandatory fields",
              "timedOut": null,
              "duration": 22308,
              "state": "passed",
              "speed": "slow",
              "pass": true,
              "fail": false,
              "pending": false,
              "context": null,
              "code": "firstname = faker.name.firstName();\nlastname = faker.name.lastName();\n_home.default.clickSignInBtn();\n_signin.default.createEmailToRegister(faker.internet.email());\n_signin.default.clickCreateAccountBtn();\n_registeraccount.default.insertCustomerFirstName(firstname);\n_registeraccount.default.insertCustomerLastName(lastname);\n_registeraccount.default.insertCustometPassword(faker.internet.password());\n_registeraccount.default.selectDayMonthYear(_helpers.default.generateRandomDay, faker.date.month(), _helpers.default.generateRandomYear);\n_registeraccount.default.insertFirstName(firstname);\n_registeraccount.default.insertLastName(lastname);\n_registeraccount.default.insertAddress1(faker.address.streetName());\n_registeraccount.default.insertCity(faker.address.city());\n_registeraccount.default.insertState(faker.address.state());\n_registeraccount.default.insertZipCode(_helpers.default.zipcode);\n_registeraccount.default.insertMobilePhone(_helpers.default.generateRandomMobileNum);\n_registeraccount.default.insertAlias(firstname);\n_registeraccount.default.clickSubmitAccount();\n_myaccount.default.verifyUserisRegistered(firstname, lastname);",
              "err": {},
              "uuid": "11c044d6-afd7-46db-98be-c3b1b7af7d31",
              "parentUUID": "ea236014-7ba8-45a8-8c58-8402f4242598",
              "isHook": false,
              "skipped": false
            },
            {
              "title": "Verify User is not able to register when non of mandatory fields are added",
              "fullTitle": "Register Tests Verify User is not able to register when non of mandatory fields are added",
              "timedOut": null,
              "duration": 7289,
              "state": "passed",
              "speed": "slow",
              "pass": true,
              "fail": false,
              "pending": false,
              "context": null,
              "code": "firstname = faker.name.firstName();\nlastname = faker.name.lastName();\n_home.default.clickSignInBtn();\n_signin.default.createEmailToRegister(faker.internet.email());\n_signin.default.clickCreateAccountBtn();\n_registeraccount.default.clickSubmitAccount();\n_registeraccount.default.verifyValidationMsgIsDisplayed();",
              "err": {},
              "uuid": "0610e965-d398-49da-87a0-3b75df38da93",
              "parentUUID": "ea236014-7ba8-45a8-8c58-8402f4242598",
              "isHook": false,
              "skipped": false
            },
            {
              "title": "Verify User is not able to register when an password less than 5 characters",
              "fullTitle": "Register Tests Verify User is not able to register when an password less than 5 characters",
              "timedOut": null,
              "duration": 16363,
              "state": "passed",
              "speed": "slow",
              "pass": true,
              "fail": false,
              "pending": false,
              "context": null,
              "code": "firstname = faker.name.firstName();\nlastname = faker.name.lastName();\n_home.default.clickSignInBtn();\n_signin.default.createEmailToRegister(faker.internet.email());\n_signin.default.clickCreateAccountBtn();\n_registeraccount.default.insertCustomerFirstName(firstname);\n_registeraccount.default.insertCustomerLastName(lastname);\ncy.fixture(\"register.json\", \"binary\").then(data => {\n  _registeraccount.default.insertCustometPassword(data.invalidpassword);\n});\n_registeraccount.default.selectDayMonthYear(_helpers.default.generateRandomDay, faker.date.month(), _helpers.default.generateRandomYear);\n_registeraccount.default.insertFirstName(firstname);\n_registeraccount.default.insertLastName(lastname);\n_registeraccount.default.insertAddress1(faker.address.streetName());\n_registeraccount.default.insertCity(faker.address.city());\n_registeraccount.default.insertState(faker.address.state());\n_registeraccount.default.insertZipCode(_helpers.default.zipcode);\n_registeraccount.default.insertMobilePhone(_helpers.default.generateRandomMobileNum);\n_registeraccount.default.insertAlias(firstname);\n_registeraccount.default.clickSubmitAccount();\n_registeraccount.default.verifyPasswordValidationMsgIsDisplayed();",
              "err": {},
              "uuid": "807e8fad-b557-4184-bc29-5e4dec4e6e2c",
              "parentUUID": "ea236014-7ba8-45a8-8c58-8402f4242598",
              "isHook": false,
              "skipped": false
            },
            {
              "title": "Verify User is not able to register when phone is invalid format",
              "fullTitle": "Register Tests Verify User is not able to register when phone is invalid format",
              "timedOut": null,
              "duration": 16110,
              "state": "passed",
              "speed": "slow",
              "pass": true,
              "fail": false,
              "pending": false,
              "context": null,
              "code": "firstname = faker.name.firstName();\nlastname = faker.name.lastName();\n_home.default.clickSignInBtn();\n_signin.default.createEmailToRegister(faker.internet.email());\n_signin.default.clickCreateAccountBtn();\n_registeraccount.default.insertCustomerFirstName(firstname);\n_registeraccount.default.insertCustomerLastName(lastname);\n_registeraccount.default.insertCustometPassword(faker.internet.password());\n_registeraccount.default.selectDayMonthYear(_helpers.default.generateRandomDay, faker.date.month(), _helpers.default.generateRandomYear);\n_registeraccount.default.insertFirstName(firstname);\n_registeraccount.default.insertLastName(lastname);\n_registeraccount.default.insertAddress1(faker.address.streetName());\n_registeraccount.default.insertCity(faker.address.city());\n_registeraccount.default.insertState(faker.address.state());\n_registeraccount.default.insertZipCode(_helpers.default.zipcode);\ncy.fixture(\"register.json\", \"binary\").then(data => {\n  _registeraccount.default.insertMobilePhone(data.invalidmobilephone);\n});\n_registeraccount.default.insertAlias(firstname);\n_registeraccount.default.clickSubmitAccount();\n_registeraccount.default.verifyMobileValidationMsgIsDisplayed();",
              "err": {},
              "uuid": "63b9f831-d951-4528-81f8-2b1f929d1160",
              "parentUUID": "ea236014-7ba8-45a8-8c58-8402f4242598",
              "isHook": false,
              "skipped": false
            },
            {
              "title": "Verify User is not able to register when zipcode is invalid format",
              "fullTitle": "Register Tests Verify User is not able to register when zipcode is invalid format",
              "timedOut": null,
              "duration": 15706,
              "state": "passed",
              "speed": "slow",
              "pass": true,
              "fail": false,
              "pending": false,
              "context": null,
              "code": "firstname = faker.name.firstName();\nlastname = faker.name.lastName();\n_home.default.clickSignInBtn();\n_signin.default.createEmailToRegister(faker.internet.email());\n_signin.default.clickCreateAccountBtn();\n_registeraccount.default.insertCustomerFirstName(firstname);\n_registeraccount.default.insertCustomerLastName(lastname);\n_registeraccount.default.insertCustometPassword(faker.internet.password());\n_registeraccount.default.selectDayMonthYear(_helpers.default.generateRandomDay, faker.date.month(), _helpers.default.generateRandomYear);\n_registeraccount.default.insertFirstName(firstname);\n_registeraccount.default.insertLastName(lastname);\n_registeraccount.default.insertAddress1(faker.address.streetName());\n_registeraccount.default.insertCity(faker.address.city());\n_registeraccount.default.insertState(faker.address.state());\ncy.fixture(\"register.json\", \"binary\").then(data => {\n  _registeraccount.default.insertZipCode(data.invalidzipcode);\n});\n_registeraccount.default.insertMobilePhone(_helpers.default.generateRandomMobileNum);\n_registeraccount.default.insertAlias(firstname);\n_registeraccount.default.clickSubmitAccount();\n_registeraccount.default.verifyZipCodeValidationMsgIsDisplayed();",
              "err": {},
              "uuid": "b2dddd54-c830-4736-b182-078e35d6f3dc",
              "parentUUID": "ea236014-7ba8-45a8-8c58-8402f4242598",
              "isHook": false,
              "skipped": false
            },
            {
              "title": "Verify User is not able to register with same email twice",
              "fullTitle": "Register Tests Verify User is not able to register with same email twice",
              "timedOut": null,
              "duration": 6211,
              "state": "passed",
              "speed": "slow",
              "pass": true,
              "fail": false,
              "pending": false,
              "context": null,
              "code": "_home.default.clickSignInBtn();\ncy.fixture(\"register.json\", \"binary\").then(data => {\n  _signin.default.createEmailToRegister(data.registeredemail);\n});\n_signin.default.clickCreateAccountBtn();\n_registeraccount.default.verifyDuplicateAccountRegisteration();",
              "err": {},
              "uuid": "cade998d-f1b3-48cf-ba8c-63597e32fde0",
              "parentUUID": "ea236014-7ba8-45a8-8c58-8402f4242598",
              "isHook": false,
              "skipped": false
            },
            {
              "title": "Verify User is not able to register with invalid email ",
              "fullTitle": "Register Tests Verify User is not able to register with invalid email ",
              "timedOut": null,
              "duration": 5042,
              "state": "passed",
              "speed": "slow",
              "pass": true,
              "fail": false,
              "pending": false,
              "context": null,
              "code": "_home.default.clickSignInBtn();\ncy.fixture(\"register.json\", \"binary\").then(data => {\n  _signin.default.createEmailToRegister(data.invalidemail);\n});\n_signin.default.clickCreateAccountBtn();\n_registeraccount.default.verifyInvalidEmailAddress();",
              "err": {},
              "uuid": "2f58a001-e95b-4512-8560-65e659c3ab5c",
              "parentUUID": "ea236014-7ba8-45a8-8c58-8402f4242598",
              "isHook": false,
              "skipped": false
            },
            {
              "title": "Verify illustrative labels are displayed in the Registeration page ",
              "fullTitle": "Register Tests Verify illustrative labels are displayed in the Registeration page ",
              "timedOut": null,
              "duration": 6008,
              "state": "passed",
              "speed": "slow",
              "pass": true,
              "fail": false,
              "pending": false,
              "context": null,
              "code": "firstname = faker.name.firstName();\nlastname = faker.name.lastName();\n_home.default.clickSignInBtn();\n_signin.default.createEmailToRegister(faker.internet.email());\n_signin.default.clickCreateAccountBtn();\n_registeraccount.default.verifyDescriptiveLabelsISDisplayed();",
              "err": {},
              "uuid": "f5e1b8e8-460b-4495-beeb-0df22204f150",
              "parentUUID": "ea236014-7ba8-45a8-8c58-8402f4242598",
              "isHook": false,
              "skipped": false
            }
          ],
          "suites": [],
          "passes": [
            "11c044d6-afd7-46db-98be-c3b1b7af7d31",
            "0610e965-d398-49da-87a0-3b75df38da93",
            "807e8fad-b557-4184-bc29-5e4dec4e6e2c",
            "63b9f831-d951-4528-81f8-2b1f929d1160",
            "b2dddd54-c830-4736-b182-078e35d6f3dc",
            "cade998d-f1b3-48cf-ba8c-63597e32fde0",
            "2f58a001-e95b-4512-8560-65e659c3ab5c",
            "f5e1b8e8-460b-4495-beeb-0df22204f150"
          ],
          "failures": [],
          "pending": [],
          "skipped": [],
          "duration": 95037,
          "root": false,
          "rootEmpty": false,
          "_timeout": 2000
        }
      ],
      "passes": [],
      "failures": [],
      "pending": [],
      "skipped": [],
      "duration": 0,
      "root": true,
      "rootEmpty": true,
      "_timeout": 2000
    }
  ],
  "meta": {
    "mocha": {
      "version": "7.0.1"
    },
    "mochawesome": {
      "options": {
        "quiet": false,
        "reportFilename": "mochawesome",
        "saveHtml": false,
        "saveJson": true,
        "consoleReporter": "spec",
        "useInlineDiffs": false,
        "code": true
      },
      "version": "6.2.2"
    },
    "marge": {
      "options": {
        "id": "default",
        "reportDir": "cypress/reports/mocha",
        "quite": true,
        "overwrite": false,
        "html": false,
        "json": true
      },
      "version": "5.2.0"
    }
  }
}